<?xml version="1.0" encoding="UTF-8"?>
<coverage generated="1603806704845" clover="3.2.0">
  <project timestamp="1603806704845" name="All files">
    <metrics statements="37" coveredstatements="25" conditionals="10" coveredconditionals="8" methods="21" coveredmethods="15" elements="68" coveredelements="48" complexity="0" loc="37" ncloc="37" packages="3" files="5" classes="5"/>
    <package name="components">
      <metrics statements="28" coveredstatements="22" conditionals="10" coveredconditionals="8" methods="15" coveredmethods="12"/>
      <file name="ErrorsViewer.vue" path="/home/igor/Documents/workout/app/javascript/components/ErrorsViewer.vue">
        <metrics statements="14" coveredstatements="14" conditionals="6" coveredconditionals="6" methods="8" coveredmethods="8"/>
        <line num="25" count="9" type="cond" truecount="2" falsecount="0"/>
        <line num="26" count="8" type="stmt"/>
        <line num="29" count="1" type="stmt"/>
        <line num="32" count="2" type="stmt"/>
        <line num="33" count="2" type="stmt"/>
        <line num="37" count="6" type="stmt"/>
        <line num="38" count="7" type="stmt"/>
        <line num="39" count="1" type="stmt"/>
        <line num="41" count="1" type="stmt"/>
        <line num="42" count="1" type="stmt"/>
        <line num="45" count="1" type="stmt"/>
        <line num="50" count="9" type="cond" truecount="4" falsecount="0"/>
        <line num="51" count="2" type="stmt"/>
        <line num="54" count="7" type="stmt"/>
      </file>
      <file name="TrainingProgram.vue" path="/home/igor/Documents/workout/app/javascript/components/TrainingProgram.vue">
        <metrics statements="3" coveredstatements="1" conditionals="4" coveredconditionals="2" methods="3" coveredmethods="2"/>
        <line num="49" count="0" type="cond" truecount="0" falsecount="2"/>
        <line num="50" count="0" type="stmt"/>
        <line num="59" count="1" type="cond" truecount="2" falsecount="0"/>
      </file>
      <file name="TrainingProgramForm.vue" path="/home/igor/Documents/workout/app/javascript/components/TrainingProgramForm.vue">
        <metrics statements="11" coveredstatements="7" conditionals="0" coveredconditionals="0" methods="4" coveredmethods="2"/>
        <line num="81" count="1" type="stmt"/>
        <line num="83" count="1" type="stmt"/>
        <line num="84" count="1" type="stmt"/>
        <line num="86" count="1" type="stmt"/>
        <line num="91" count="2" type="stmt"/>
        <line num="102" count="1" type="stmt"/>
        <line num="110" count="1" type="stmt"/>
        <line num="112" count="0" type="stmt"/>
        <line num="113" count="0" type="stmt"/>
        <line num="114" count="0" type="stmt"/>
        <line num="117" count="0" type="stmt"/>
      </file>
    </package>
    <package name="helpers">
      <metrics statements="2" coveredstatements="2" conditionals="0" coveredconditionals="0" methods="2" coveredmethods="2"/>
      <file name="dates.js" path="/home/igor/Documents/workout/app/javascript/helpers/dates.js">
        <metrics statements="2" coveredstatements="2" conditionals="0" coveredconditionals="0" methods="2" coveredmethods="2"/>
        <line num="9" count="4" type="stmt"/>
        <line num="18" count="2" type="stmt"/>
      </file>
    </package>
    <package name="mixins">
      <metrics statements="7" coveredstatements="1" conditionals="0" coveredconditionals="0" methods="4" coveredmethods="1"/>
      <file name="formHelpers.js" path="/home/igor/Documents/workout/app/javascript/mixins/formHelpers.js">
        <metrics statements="7" coveredstatements="1" conditionals="0" coveredconditionals="0" methods="4" coveredmethods="1"/>
        <line num="9" count="2" type="stmt"/>
        <line num="16" count="0" type="stmt"/>
        <line num="17" count="0" type="stmt"/>
        <line num="20" count="0" type="stmt"/>
        <line num="21" count="0" type="stmt"/>
        <line num="22" count="0" type="stmt"/>
        <line num="25" count="0" type="stmt"/>
      </file>
    </package>
  </project>
</coverage>
