{"/home/igor/Documents/workout/app/javascript/components/ErrorsViewer.vue": {"path":"/home/igor/Documents/workout/app/javascript/components/ErrorsViewer.vue","statementMap":{"0":{"start":{"line":25,"column":0},"end":{"line":27,"column":null}},"1":{"start":{"line":26,"column":0},"end":{"line":26,"column":null}},"2":{"start":{"line":29,"column":0},"end":{"line":29,"column":null}},"3":{"start":{"line":32,"column":0},"end":{"line":34,"column":null}},"4":{"start":{"line":33,"column":0},"end":{"line":33,"column":null}},"5":{"start":{"line":37,"column":0},"end":{"line":47,"column":null}},"6":{"start":{"line":38,"column":0},"end":{"line":46,"column":null}},"7":{"start":{"line":39,"column":0},"end":{"line":39,"column":null}},"8":{"start":{"line":41,"column":0},"end":{"line":43,"column":null}},"9":{"start":{"line":42,"column":0},"end":{"line":42,"column":null}},"10":{"start":{"line":45,"column":0},"end":{"line":45,"column":null}},"11":{"start":{"line":50,"column":0},"end":{"line":52,"column":null}},"12":{"start":{"line":51,"column":0},"end":{"line":51,"column":null}},"13":{"start":{"line":54,"column":0},"end":{"line":54,"column":null}}},"fnMap":{"0":{"name":"(anonymous_1)","decl":{"start":{"line":24,"column":0},"end":{"line":24,"column":null}},"loc":{"start":{"line":24,"column":0},"end":{"line":30,"column":null}}},"1":{"name":"(anonymous_2)","decl":{"start":{"line":31,"column":0},"end":{"line":31,"column":null}},"loc":{"start":{"line":31,"column":0},"end":{"line":35,"column":null}}},"2":{"name":"(anonymous_3)","decl":{"start":{"line":32,"column":0},"end":{"line":32,"column":null}},"loc":{"start":{"line":32,"column":0},"end":{"line":34,"column":null}}},"3":{"name":"(anonymous_4)","decl":{"start":{"line":36,"column":0},"end":{"line":36,"column":null}},"loc":{"start":{"line":36,"column":0},"end":{"line":48,"column":null}}},"4":{"name":"(anonymous_5)","decl":{"start":{"line":37,"column":0},"end":{"line":37,"column":null}},"loc":{"start":{"line":37,"column":0},"end":{"line":47,"column":null}}},"5":{"name":"(anonymous_6)","decl":{"start":{"line":38,"column":0},"end":{"line":38,"column":null}},"loc":{"start":{"line":38,"column":0},"end":{"line":46,"column":null}}},"6":{"name":"(anonymous_7)","decl":{"start":{"line":41,"column":0},"end":{"line":41,"column":null}},"loc":{"start":{"line":41,"column":0},"end":{"line":43,"column":null}}},"7":{"name":"(anonymous_8)","decl":{"start":{"line":49,"column":0},"end":{"line":49,"column":null}},"loc":{"start":{"line":49,"column":0},"end":{"line":55,"column":null}}}},"branchMap":{"0":{"loc":{"start":{"line":25,"column":0},"end":{"line":27,"column":null}},"type":"if","locations":[{"start":{"line":25,"column":0},"end":{"line":27,"column":null}},{"start":{"line":25,"column":0},"end":{"line":27,"column":null}}]},"1":{"loc":{"start":{"line":50,"column":0},"end":{"line":52,"column":null}},"type":"if","locations":[{"start":{"line":50,"column":0},"end":{"line":52,"column":null}},{"start":{"line":50,"column":0},"end":{"line":52,"column":null}}]},"2":{"loc":{"start":{"line":50,"column":0},"end":{"line":50,"column":null}},"type":"binary-expr","locations":[{"start":{"line":50,"column":0},"end":{"line":50,"column":null}},{"start":{"line":50,"column":0},"end":{"line":50,"column":null}}]}},"s":{"0":2,"1":2,"2":0,"3":0,"4":0,"5":2,"6":2,"7":0,"8":0,"9":0,"10":0,"11":2,"12":0,"13":2},"f":{"0":2,"1":0,"2":0,"3":2,"4":2,"5":0,"6":0,"7":2},"b":{"0":[2,0],"1":[0,2],"2":[2,2]}}
,"/home/igor/Documents/workout/app/javascript/components/TrainingProgramForm.vue": {"path":"/home/igor/Documents/workout/app/javascript/components/TrainingProgramForm.vue","statementMap":{"0":{"start":{"line":81,"column":0},"end":{"line":81,"column":null}},"1":{"start":{"line":83,"column":0},"end":{"line":83,"column":null}},"2":{"start":{"line":84,"column":0},"end":{"line":84,"column":null}},"3":{"start":{"line":86,"column":0},"end":{"line":86,"column":null}},"4":{"start":{"line":91,"column":0},"end":{"line":91,"column":null}},"5":{"start":{"line":102,"column":0},"end":{"line":102,"column":null}},"6":{"start":{"line":110,"column":0},"end":{"line":118,"column":null}},"7":{"start":{"line":112,"column":0},"end":{"line":112,"column":null}},"8":{"start":{"line":113,"column":0},"end":{"line":113,"column":null}},"9":{"start":{"line":114,"column":0},"end":{"line":114,"column":null}},"10":{"start":{"line":117,"column":0},"end":{"line":117,"column":null}}},"fnMap":{"0":{"name":"(anonymous_8)","decl":{"start":{"line":90,"column":0},"end":{"line":90,"column":null}},"loc":{"start":{"line":90,"column":0},"end":{"line":96,"column":null}}},"1":{"name":"(anonymous_9)","decl":{"start":{"line":101,"column":0},"end":{"line":101,"column":null}},"loc":{"start":{"line":101,"column":0},"end":{"line":119,"column":null}}},"2":{"name":"(anonymous_10)","decl":{"start":{"line":110,"column":0},"end":{"line":110,"column":null}},"loc":{"start":{"line":110,"column":0},"end":{"line":115,"column":null}}},"3":{"name":"(anonymous_11)","decl":{"start":{"line":115,"column":0},"end":{"line":115,"column":null}},"loc":{"start":{"line":115,"column":0},"end":{"line":118,"column":null}}}},"branchMap":{},"s":{"0":1,"1":1,"2":1,"3":1,"4":2,"5":0,"6":0,"7":0,"8":0,"9":0,"10":0},"f":{"0":2,"1":0,"2":0,"3":0},"b":{}}
,"/home/igor/Documents/workout/app/javascript/mixins/formHelpers.js": {"data":{"path":"/home/igor/Documents/workout/app/javascript/mixins/formHelpers.js","statementMap":{"0":{"start":{"line":9,"column":4},"end":{"line":12,"column":6}},"1":{"start":{"line":16,"column":6},"end":{"line":16,"column":31}},"2":{"start":{"line":17,"column":6},"end":{"line":17,"column":25}},"3":{"start":{"line":20,"column":6},"end":{"line":20,"column":22}},"4":{"start":{"line":21,"column":6},"end":{"line":21,"column":28}},"5":{"start":{"line":22,"column":6},"end":{"line":22,"column":25}},"6":{"start":{"line":25,"column":6},"end":{"line":25,"column":23}}},"fnMap":{"0":{"name":"(anonymous_0)","decl":{"start":{"line":8,"column":2},"end":{"line":8,"column":3}},"loc":{"start":{"line":8,"column":9},"end":{"line":13,"column":3}},"line":8},"1":{"name":"(anonymous_1)","decl":{"start":{"line":15,"column":4},"end":{"line":15,"column":5}},"loc":{"start":{"line":15,"column":16},"end":{"line":18,"column":5}},"line":15},"2":{"name":"(anonymous_2)","decl":{"start":{"line":19,"column":4},"end":{"line":19,"column":5}},"loc":{"start":{"line":19,"column":16},"end":{"line":23,"column":5}},"line":19},"3":{"name":"(anonymous_3)","decl":{"start":{"line":24,"column":4},"end":{"line":24,"column":5}},"loc":{"start":{"line":24,"column":18},"end":{"line":26,"column":5}},"line":24}},"branchMap":{},"s":{"0":2,"1":0,"2":0,"3":0,"4":0,"5":0,"6":0},"f":{"0":2,"1":0,"2":0,"3":0},"b":{},"_coverageSchema":"1a1c01bbd47fc00a2c39e90264f33305004495a9","hash":"6b97106d9783674708886fdcb2439dda6bacaeeb"}}
}
