TN:
SF:app/javascript/components/ErrorsViewer.vue
FN:24,(anonymous_1)
FN:31,(anonymous_2)
FN:32,(anonymous_3)
FN:36,(anonymous_4)
FN:37,(anonymous_5)
FN:38,(anonymous_6)
FN:41,(anonymous_7)
FN:49,(anonymous_8)
FNF:8
FNH:4
FNDA:2,(anonymous_1)
FNDA:0,(anonymous_2)
FNDA:0,(anonymous_3)
FNDA:2,(anonymous_4)
FNDA:2,(anonymous_5)
FNDA:0,(anonymous_6)
FNDA:0,(anonymous_7)
FNDA:2,(anonymous_8)
DA:25,2
DA:26,2
DA:29,0
DA:32,0
DA:33,0
DA:37,2
DA:38,2
DA:39,0
DA:41,0
DA:42,0
DA:45,0
DA:50,2
DA:51,0
DA:54,2
LF:14
LH:6
BRDA:25,0,0,2
BRDA:25,0,1,0
BRDA:50,1,0,0
BRDA:50,1,1,2
BRDA:50,2,0,2
BRDA:50,2,1,2
BRF:6
BRH:4
end_of_record
TN:
SF:app/javascript/components/TrainingProgramForm.vue
FN:90,(anonymous_8)
FN:101,(anonymous_9)
FN:110,(anonymous_10)
FN:115,(anonymous_11)
FNF:4
FNH:1
FNDA:2,(anonymous_8)
FNDA:0,(anonymous_9)
FNDA:0,(anonymous_10)
FNDA:0,(anonymous_11)
DA:81,1
DA:83,1
DA:84,1
DA:86,1
DA:91,2
DA:102,0
DA:110,0
DA:112,0
DA:113,0
DA:114,0
DA:117,0
LF:11
LH:5
BRF:0
BRH:0
end_of_record
TN:
SF:app/javascript/mixins/formHelpers.js
FN:8,(anonymous_0)
FN:15,(anonymous_1)
FN:19,(anonymous_2)
FN:24,(anonymous_3)
FNF:4
FNH:1
FNDA:2,(anonymous_0)
FNDA:0,(anonymous_1)
FNDA:0,(anonymous_2)
FNDA:0,(anonymous_3)
DA:9,2
DA:16,0
DA:17,0
DA:20,0
DA:21,0
DA:22,0
DA:25,0
LF:7
LH:1
BRF:0
BRH:0
end_of_record
