TN:
SF:app/javascript/components/ErrorsViewer.vue
FN:24,(anonymous_1)
FN:31,(anonymous_2)
FN:32,(anonymous_3)
FN:36,(anonymous_4)
FN:37,(anonymous_5)
FN:38,(anonymous_6)
FN:41,(anonymous_7)
FN:49,(anonymous_8)
FNF:8
FNH:8
FNDA:9,(anonymous_1)
FNDA:2,(anonymous_2)
FNDA:2,(anonymous_3)
FNDA:6,(anonymous_4)
FNDA:7,(anonymous_5)
FNDA:1,(anonymous_6)
FNDA:1,(anonymous_7)
FNDA:9,(anonymous_8)
DA:25,9
DA:26,8
DA:29,1
DA:32,2
DA:33,2
DA:37,6
DA:38,7
DA:39,1
DA:41,1
DA:42,1
DA:45,1
DA:50,9
DA:51,2
DA:54,7
LF:14
LH:14
BRDA:25,0,0,8
BRDA:25,0,1,1
BRDA:50,1,0,2
BRDA:50,1,1,7
BRDA:50,2,0,9
BRDA:50,2,1,8
BRF:6
BRH:6
end_of_record
TN:
SF:app/javascript/components/TrainingProgram.vue
FN:44,(anonymous_1)
FN:48,(anonymous_2)
FN:58,(anonymous_3)
FNF:3
FNH:2
FNDA:1,(anonymous_1)
FNDA:0,(anonymous_2)
FNDA:1,(anonymous_3)
DA:49,0
DA:50,0
DA:59,1
LF:3
LH:1
BRDA:49,0,0,0
BRDA:49,0,1,0
BRDA:59,1,0,1
BRDA:59,1,1,1
BRF:4
BRH:2
end_of_record
TN:
SF:app/javascript/components/TrainingProgramForm.vue
FN:90,(anonymous_8)
FN:101,(anonymous_9)
FN:110,(anonymous_10)
FN:115,(anonymous_11)
FNF:4
FNH:2
FNDA:2,(anonymous_8)
FNDA:1,(anonymous_9)
FNDA:0,(anonymous_10)
FNDA:0,(anonymous_11)
DA:81,1
DA:83,1
DA:84,1
DA:86,1
DA:91,2
DA:102,1
DA:110,1
DA:112,0
DA:113,0
DA:114,0
DA:117,0
LF:11
LH:7
BRF:0
BRH:0
end_of_record
TN:
SF:app/javascript/helpers/dates.js
FN:7,daysInMonth
FN:17,splitTimeDate
FNF:2
FNH:2
FNDA:4,daysInMonth
FNDA:2,splitTimeDate
DA:9,4
DA:18,2
LF:2
LH:2
BRF:0
BRH:0
end_of_record
TN:
SF:app/javascript/mixins/formHelpers.js
FN:8,(anonymous_0)
FN:15,(anonymous_1)
FN:19,(anonymous_2)
FN:24,(anonymous_3)
FNF:4
FNH:1
FNDA:2,(anonymous_0)
FNDA:0,(anonymous_1)
FNDA:0,(anonymous_2)
FNDA:0,(anonymous_3)
DA:9,2
DA:16,0
DA:17,0
DA:20,0
DA:21,0
DA:22,0
DA:25,0
LF:7
LH:1
BRF:0
BRH:0
end_of_record
